{"/Users/longswordtech/Desktop/codex-test-proyects/frontend-mentor-todo-app/src/components/layout/Header.jsx": {"path":"/Users/longswordtech/Desktop/codex-test-proyects/frontend-mentor-todo-app/src/components/layout/Header.jsx","statementMap":{"0":{"start":{"line":9,"column":26},"end":{"line":9,"column":null}},"1":{"start":{"line":10,"column":17},"end":{"line":10,"column":null}},"2":{"start":{"line":12,"column":28},"end":{"line":14,"column":null}},"3":{"start":{"line":13,"column":4},"end":{"line":13,"column":null}},"4":{"start":{"line":16,"column":2},"end":{"line":27,"column":null}}},"fnMap":{"0":{"name":"Header","decl":{"start":{"line":8,"column":24},"end":{"line":8,"column":33}},"loc":{"start":{"line":8,"column":33},"end":{"line":29,"column":null}},"line":8},"1":{"name":"(anonymous_1)","decl":{"start":{"line":12,"column":28},"end":{"line":12,"column":34}},"loc":{"start":{"line":12,"column":34},"end":{"line":14,"column":null}},"line":12}},"branchMap":{"0":{"loc":{"start":{"line":13,"column":13},"end":{"line":13,"column":38}},"type":"cond-expr","locations":[{"start":{"line":13,"column":22},"end":{"line":13,"column":32}},{"start":{"line":13,"column":32},"end":{"line":13,"column":38}}],"line":13},"1":{"loc":{"start":{"line":24,"column":101},"end":{"line":24,"column":126}},"type":"cond-expr","locations":[{"start":{"line":24,"column":110},"end":{"line":24,"column":120}},{"start":{"line":24,"column":120},"end":{"line":24,"column":126}}],"line":24},"2":{"loc":{"start":{"line":25,"column":19},"end":{"line":25,"column":45}},"type":"cond-expr","locations":[{"start":{"line":25,"column":28},"end":{"line":25,"column":38}},{"start":{"line":25,"column":38},"end":{"line":25,"column":45}}],"line":25}},"s":{"0":4,"1":4,"2":4,"3":2,"4":4},"f":{"0":4,"1":2},"b":{"0":[1,1],"1":[3,1],"2":[3,1]},"meta":{"lastBranch":3,"lastFunction":2,"lastStatement":5,"seen":{"f:8:24:8:33":0,"s:9:26:9:Infinity":0,"s:10:17:10:Infinity":1,"s:12:28:14:Infinity":2,"f:12:28:12:34":1,"s:13:4:13:Infinity":3,"b:13:22:13:32:13:32:13:38":0,"s:16:2:27:Infinity":4,"b:24:110:24:120:24:120:24:126":1,"b:25:28:25:38:25:38:25:45":2}}}
,"/Users/longswordtech/Desktop/codex-test-proyects/frontend-mentor-todo-app/src/components/shared/Title.component.jsx": {"path":"/Users/longswordtech/Desktop/codex-test-proyects/frontend-mentor-todo-app/src/components/shared/Title.component.jsx","statementMap":{"0":{"start":{"line":5,"column":14},"end":{"line":12,"column":null}},"1":{"start":{"line":6,"column":14},"end":{"line":6,"column":null}},"2":{"start":{"line":7,"column":2},"end":{"line":10,"column":null}}},"fnMap":{"0":{"name":"(anonymous_0)","decl":{"start":{"line":5,"column":14},"end":{"line":5,"column":15}},"loc":{"start":{"line":5,"column":60},"end":{"line":12,"column":null}},"line":5}},"branchMap":{"0":{"loc":{"start":{"line":5,"column":27},"end":{"line":5,"column":39}},"type":"default-arg","locations":[{"start":{"line":5,"column":36},"end":{"line":5,"column":39}}],"line":5},"1":{"loc":{"start":{"line":5,"column":39},"end":{"line":5,"column":54}},"type":"default-arg","locations":[{"start":{"line":5,"column":51},"end":{"line":5,"column":54}}],"line":5}},"s":{"0":1,"1":4,"2":4},"f":{"0":4},"b":{"0":[4],"1":[4]},"meta":{"lastBranch":2,"lastFunction":1,"lastStatement":3,"seen":{"s:5:14:12:Infinity":0,"f:5:14:5:15":0,"b:5:36:5:39":0,"b:5:51:5:54":1,"s:6:14:6:Infinity":1,"s:7:2:10:Infinity":2}}}
,"/Users/longswordtech/Desktop/codex-test-proyects/frontend-mentor-todo-app/src/components/ui/button.jsx": {"path":"/Users/longswordtech/Desktop/codex-test-proyects/frontend-mentor-todo-app/src/components/ui/button.jsx","statementMap":{"0":{"start":{"line":7,"column":6},"end":{"line":37,"column":null}},"1":{"start":{"line":46,"column":15},"end":{"line":46,"column":null}},"2":{"start":{"line":48,"column":2},"end":{"line":54,"column":null}},"3":{"start":{"line":58,"column":0},"end":{"line":58,"column":null}}},"fnMap":{"0":{"name":"Button","decl":{"start":{"line":39,"column":9},"end":{"line":39,"column":16}},"loc":{"start":{"line":45,"column":3},"end":{"line":56,"column":null}},"line":45}},"branchMap":{"0":{"loc":{"start":{"line":41,"column":2},"end":{"line":41,"column":null}},"type":"default-arg","locations":[{"start":{"line":41,"column":12},"end":{"line":41,"column":null}}],"line":41},"1":{"loc":{"start":{"line":42,"column":2},"end":{"line":42,"column":null}},"type":"default-arg","locations":[{"start":{"line":42,"column":9},"end":{"line":42,"column":null}}],"line":42},"2":{"loc":{"start":{"line":43,"column":2},"end":{"line":43,"column":null}},"type":"default-arg","locations":[{"start":{"line":43,"column":12},"end":{"line":43,"column":null}}],"line":43},"3":{"loc":{"start":{"line":46,"column":15},"end":{"line":46,"column":null}},"type":"cond-expr","locations":[{"start":{"line":46,"column":25},"end":{"line":46,"column":32}},{"start":{"line":46,"column":32},"end":{"line":46,"column":null}}],"line":46}},"s":{"0":1,"1":4,"2":4,"3":1},"f":{"0":4},"b":{"0":[4],"1":[4],"2":[4],"3":[0,4]},"meta":{"lastBranch":4,"lastFunction":1,"lastStatement":4,"seen":{"s:7:6:37:Infinity":0,"f:39:9:39:16":0,"b:41:12:41:Infinity":0,"b:42:9:42:Infinity":1,"b:43:12:43:Infinity":2,"s:46:15:46:Infinity":1,"b:46:25:46:32:46:32:46:Infinity":3,"s:48:2:54:Infinity":2,"s:58:0:58:Infinity":3}}}
,"/Users/longswordtech/Desktop/codex-test-proyects/frontend-mentor-todo-app/src/constants/themeConstants.js": {"path":"/Users/longswordtech/Desktop/codex-test-proyects/frontend-mentor-todo-app/src/constants/themeConstants.js","statementMap":{"0":{"start":{"line":3,"column":20},"end":{"line":3,"column":40}},"1":{"start":{"line":4,"column":20},"end":{"line":4,"column":27}}},"fnMap":{},"branchMap":{},"s":{"0":1,"1":1},"f":{},"b":{},"meta":{"lastBranch":0,"lastFunction":0,"lastStatement":2,"seen":{"s:3:20:3:40":0,"s:4:20:4:27":1}}}
,"/Users/longswordtech/Desktop/codex-test-proyects/frontend-mentor-todo-app/src/hooks/useTasks.js": {"path":"/Users/longswordtech/Desktop/codex-test-proyects/frontend-mentor-todo-app/src/hooks/useTasks.js","statementMap":{"0":{"start":{"line":13,"column":27},"end":{"line":13,"column":40}},"1":{"start":{"line":14,"column":31},"end":{"line":14,"column":47}},"2":{"start":{"line":15,"column":27},"end":{"line":15,"column":42}},"3":{"start":{"line":20,"column":19},"end":{"line":36,"column":8}},"4":{"start":{"line":22,"column":4},"end":{"line":22,"column":null}},"5":{"start":{"line":23,"column":4},"end":{"line":23,"column":null}},"6":{"start":{"line":25,"column":40},"end":{"line":28,"column":48}},"7":{"start":{"line":30,"column":4},"end":{"line":34,"column":null}},"8":{"start":{"line":31,"column":6},"end":{"line":31,"column":null}},"9":{"start":{"line":33,"column":6},"end":{"line":33,"column":null}},"10":{"start":{"line":35,"column":4},"end":{"line":35,"column":null}},"11":{"start":{"line":43,"column":17},"end":{"line":59,"column":8}},"12":{"start":{"line":44,"column":41},"end":{"line":47,"column":15}},"13":{"start":{"line":49,"column":4},"end":{"line":53,"column":null}},"14":{"start":{"line":51,"column":6},"end":{"line":51,"column":null}},"15":{"start":{"line":52,"column":6},"end":{"line":52,"column":null}},"16":{"start":{"line":55,"column":21},"end":{"line":55,"column":30}},"17":{"start":{"line":56,"column":4},"end":{"line":58,"column":null}},"18":{"start":{"line":57,"column":6},"end":{"line":57,"column":null}},"19":{"start":{"line":57,"column":25},"end":{"line":57,"column":44}},"20":{"start":{"line":67,"column":20},"end":{"line":84,"column":8}},"21":{"start":{"line":68,"column":35},"end":{"line":71,"column":19}},"22":{"start":{"line":73,"column":4},"end":{"line":77,"column":null}},"23":{"start":{"line":75,"column":6},"end":{"line":75,"column":null}},"24":{"start":{"line":76,"column":6},"end":{"line":76,"column":null}},"25":{"start":{"line":79,"column":4},"end":{"line":83,"column":null}},"26":{"start":{"line":80,"column":6},"end":{"line":82,"column":null}},"27":{"start":{"line":81,"column":8},"end":{"line":81,"column":null}},"28":{"start":{"line":91,"column":20},"end":{"line":104,"column":8}},"29":{"start":{"line":92,"column":35},"end":{"line":95,"column":19}},"30":{"start":{"line":97,"column":4},"end":{"line":101,"column":null}},"31":{"start":{"line":99,"column":6},"end":{"line":99,"column":null}},"32":{"start":{"line":100,"column":6},"end":{"line":100,"column":null}},"33":{"start":{"line":103,"column":4},"end":{"line":103,"column":null}},"34":{"start":{"line":103,"column":23},"end":{"line":103,"column":60}},"35":{"start":{"line":103,"column":45},"end":{"line":103,"column":59}},"36":{"start":{"line":106,"column":1},"end":{"line":112,"column":null}},"37":{"start":{"line":107,"column":23},"end":{"line":109,"column":5}},"38":{"start":{"line":108,"column":6},"end":{"line":108,"column":null}},"39":{"start":{"line":111,"column":4},"end":{"line":111,"column":null}},"40":{"start":{"line":119,"column":1},"end":{"line":155,"column":null}},"41":{"start":{"line":120,"column":20},"end":{"line":150,"column":18}},"42":{"start":{"line":126,"column":10},"end":{"line":147,"column":null}},"43":{"start":{"line":127,"column":12},"end":{"line":132,"column":null}},"44":{"start":{"line":128,"column":30},"end":{"line":128,"column":41}},"45":{"start":{"line":129,"column":29},"end":{"line":129,"column":72}},"46":{"start":{"line":129,"column":49},"end":{"line":129,"column":71}},"47":{"start":{"line":130,"column":14},"end":{"line":130,"column":null}},"48":{"start":{"line":130,"column":26},"end":{"line":130,"column":null}},"49":{"start":{"line":131,"column":14},"end":{"line":131,"column":null}},"50":{"start":{"line":134,"column":12},"end":{"line":139,"column":null}},"51":{"start":{"line":135,"column":30},"end":{"line":135,"column":41}},"52":{"start":{"line":136,"column":14},"end":{"line":138,"column":null}},"53":{"start":{"line":137,"column":16},"end":{"line":137,"column":null}},"54":{"start":{"line":141,"column":12},"end":{"line":144,"column":null}},"55":{"start":{"line":142,"column":30},"end":{"line":142,"column":41}},"56":{"start":{"line":143,"column":14},"end":{"line":143,"column":null}},"57":{"start":{"line":143,"column":43},"end":{"line":143,"column":65}},"58":{"start":{"line":146,"column":12},"end":{"line":146,"column":null}},"59":{"start":{"line":152,"column":4},"end":{"line":154,"column":null}},"60":{"start":{"line":153,"column":6},"end":{"line":153,"column":null}},"61":{"start":{"line":157,"column":2},"end":{"line":164,"column":null}}},"fnMap":{"0":{"name":"useTasks","decl":{"start":{"line":12,"column":9},"end":{"line":12,"column":17}},"loc":{"start":{"line":12,"column":20},"end":{"line":165,"column":null}},"line":12},"1":{"name":"(anonymous_1)","decl":{"start":{"line":20,"column":32},"end":{"line":20,"column":37}},"loc":{"start":{"line":20,"column":44},"end":{"line":36,"column":3}},"line":20},"2":{"name":"(anonymous_2)","decl":{"start":{"line":43,"column":30},"end":{"line":43,"column":35}},"loc":{"start":{"line":43,"column":47},"end":{"line":59,"column":3}},"line":43},"3":{"name":"(anonymous_3)","decl":{"start":{"line":57,"column":15},"end":{"line":57,"column":16}},"loc":{"start":{"line":57,"column":25},"end":{"line":57,"column":44}},"line":57},"4":{"name":"(anonymous_4)","decl":{"start":{"line":67,"column":33},"end":{"line":67,"column":38}},"loc":{"start":{"line":67,"column":59},"end":{"line":84,"column":3}},"line":67},"5":{"name":"(anonymous_5)","decl":{"start":{"line":79,"column":13},"end":{"line":79,"column":14}},"loc":{"start":{"line":80,"column":6},"end":{"line":82,"column":null}},"line":80},"6":{"name":"(anonymous_6)","decl":{"start":{"line":80,"column":15},"end":{"line":80,"column":16}},"loc":{"start":{"line":81,"column":8},"end":{"line":81,"column":null}},"line":81},"7":{"name":"(anonymous_7)","decl":{"start":{"line":91,"column":33},"end":{"line":91,"column":38}},"loc":{"start":{"line":91,"column":47},"end":{"line":104,"column":3}},"line":91},"8":{"name":"(anonymous_8)","decl":{"start":{"line":103,"column":13},"end":{"line":103,"column":14}},"loc":{"start":{"line":103,"column":23},"end":{"line":103,"column":60}},"line":103},"9":{"name":"(anonymous_9)","decl":{"start":{"line":103,"column":35},"end":{"line":103,"column":36}},"loc":{"start":{"line":103,"column":45},"end":{"line":103,"column":59}},"line":103},"10":{"name":"(anonymous_10)","decl":{"start":{"line":106,"column":12},"end":{"line":106,"column":13}},"loc":{"start":{"line":106,"column":18},"end":{"line":112,"column":3}},"line":106},"11":{"name":"(anonymous_11)","decl":{"start":{"line":107,"column":23},"end":{"line":107,"column":28}},"loc":{"start":{"line":107,"column":35},"end":{"line":109,"column":5}},"line":107},"12":{"name":"(anonymous_12)","decl":{"start":{"line":119,"column":12},"end":{"line":119,"column":13}},"loc":{"start":{"line":119,"column":18},"end":{"line":155,"column":3}},"line":119},"13":{"name":"(anonymous_13)","decl":{"start":{"line":125,"column":8},"end":{"line":125,"column":9}},"loc":{"start":{"line":125,"column":21},"end":{"line":148,"column":null}},"line":125},"14":{"name":"(anonymous_14)","decl":{"start":{"line":126,"column":19},"end":{"line":126,"column":20}},"loc":{"start":{"line":126,"column":29},"end":{"line":147,"column":11}},"line":126},"15":{"name":"(anonymous_15)","decl":{"start":{"line":129,"column":39},"end":{"line":129,"column":40}},"loc":{"start":{"line":129,"column":49},"end":{"line":129,"column":71}},"line":129},"16":{"name":"(anonymous_16)","decl":{"start":{"line":136,"column":30},"end":{"line":136,"column":31}},"loc":{"start":{"line":137,"column":16},"end":{"line":137,"column":null}},"line":137},"17":{"name":"(anonymous_17)","decl":{"start":{"line":143,"column":33},"end":{"line":143,"column":34}},"loc":{"start":{"line":143,"column":43},"end":{"line":143,"column":65}},"line":143},"18":{"name":"(anonymous_18)","decl":{"start":{"line":152,"column":11},"end":{"line":152,"column":12}},"loc":{"start":{"line":152,"column":17},"end":{"line":154,"column":5}},"line":152}},"branchMap":{"0":{"loc":{"start":{"line":30,"column":4},"end":{"line":34,"column":null}},"type":"if","locations":[{"start":{"line":30,"column":4},"end":{"line":34,"column":null}},{"start":{"line":32,"column":11},"end":{"line":34,"column":null}}],"line":30},"1":{"loc":{"start":{"line":49,"column":4},"end":{"line":53,"column":null}},"type":"if","locations":[{"start":{"line":49,"column":4},"end":{"line":53,"column":null}},{"start":{},"end":{}}],"line":49},"2":{"loc":{"start":{"line":56,"column":4},"end":{"line":58,"column":null}},"type":"if","locations":[{"start":{"line":56,"column":4},"end":{"line":58,"column":null}},{"start":{},"end":{}}],"line":56},"3":{"loc":{"start":{"line":73,"column":4},"end":{"line":77,"column":null}},"type":"if","locations":[{"start":{"line":73,"column":4},"end":{"line":77,"column":null}},{"start":{},"end":{}}],"line":73},"4":{"loc":{"start":{"line":81,"column":8},"end":{"line":81,"column":null}},"type":"cond-expr","locations":[{"start":{"line":81,"column":25},"end":{"line":81,"column":61}},{"start":{"line":81,"column":64},"end":{"line":81,"column":null}}],"line":81},"5":{"loc":{"start":{"line":97,"column":4},"end":{"line":101,"column":null}},"type":"if","locations":[{"start":{"line":97,"column":4},"end":{"line":101,"column":null}},{"start":{},"end":{}}],"line":97},"6":{"loc":{"start":{"line":127,"column":12},"end":{"line":132,"column":null}},"type":"if","locations":[{"start":{"line":127,"column":12},"end":{"line":132,"column":null}},{"start":{},"end":{}}],"line":127},"7":{"loc":{"start":{"line":130,"column":14},"end":{"line":130,"column":null}},"type":"if","locations":[{"start":{"line":130,"column":14},"end":{"line":130,"column":null}},{"start":{},"end":{}}],"line":130},"8":{"loc":{"start":{"line":134,"column":12},"end":{"line":139,"column":null}},"type":"if","locations":[{"start":{"line":134,"column":12},"end":{"line":139,"column":null}},{"start":{},"end":{}}],"line":134},"9":{"loc":{"start":{"line":137,"column":16},"end":{"line":137,"column":null}},"type":"cond-expr","locations":[{"start":{"line":137,"column":41},"end":{"line":137,"column":48}},{"start":{"line":137,"column":51},"end":{"line":137,"column":null}}],"line":137},"10":{"loc":{"start":{"line":141,"column":12},"end":{"line":144,"column":null}},"type":"if","locations":[{"start":{"line":141,"column":12},"end":{"line":144,"column":null}},{"start":{},"end":{}}],"line":141}},"s":{"0":18,"1":18,"2":18,"3":18,"4":5,"5":5,"6":5,"7":5,"8":1,"9":4,"10":5,"11":18,"12":1,"13":1,"14":0,"15":0,"16":1,"17":1,"18":1,"19":1,"20":18,"21":1,"22":1,"23":0,"24":0,"25":1,"26":1,"27":1,"28":18,"29":1,"30":1,"31":0,"32":0,"33":1,"34":1,"35":1,"36":18,"37":5,"38":5,"39":5,"40":18,"41":5,"42":0,"43":0,"44":0,"45":0,"46":0,"47":0,"48":0,"49":0,"50":0,"51":0,"52":0,"53":0,"54":0,"55":0,"56":0,"57":0,"58":0,"59":5,"60":5,"61":18},"f":{"0":18,"1":5,"2":1,"3":1,"4":1,"5":1,"6":1,"7":1,"8":1,"9":1,"10":5,"11":5,"12":5,"13":0,"14":0,"15":0,"16":0,"17":0,"18":5},"b":{"0":[1,4],"1":[0,1],"2":[1,0],"3":[0,1],"4":[1,0],"5":[0,1],"6":[0,0],"7":[0,0],"8":[0,0],"9":[0,0],"10":[0,0]},"meta":{"lastBranch":11,"lastFunction":19,"lastStatement":62,"seen":{"f:12:9:12:17":0,"s:13:27:13:40":0,"s:14:31:14:47":1,"s:15:27:15:42":2,"s:20:19:36:8":3,"f:20:32:20:37":1,"s:22:4:22:Infinity":4,"s:23:4:23:Infinity":5,"s:25:40:28:48":6,"b:30:4:34:Infinity:32:11:34:Infinity":0,"s:30:4:34:Infinity":7,"s:31:6:31:Infinity":8,"s:33:6:33:Infinity":9,"s:35:4:35:Infinity":10,"s:43:17:59:8":11,"f:43:30:43:35":2,"s:44:41:47:15":12,"b:49:4:53:Infinity:undefined:undefined:undefined:undefined":1,"s:49:4:53:Infinity":13,"s:51:6:51:Infinity":14,"s:52:6:52:Infinity":15,"s:55:21:55:30":16,"b:56:4:58:Infinity:undefined:undefined:undefined:undefined":2,"s:56:4:58:Infinity":17,"s:57:6:57:Infinity":18,"f:57:15:57:16":3,"s:57:25:57:44":19,"s:67:20:84:8":20,"f:67:33:67:38":4,"s:68:35:71:19":21,"b:73:4:77:Infinity:undefined:undefined:undefined:undefined":3,"s:73:4:77:Infinity":22,"s:75:6:75:Infinity":23,"s:76:6:76:Infinity":24,"s:79:4:83:Infinity":25,"f:79:13:79:14":5,"s:80:6:82:Infinity":26,"f:80:15:80:16":6,"s:81:8:81:Infinity":27,"b:81:25:81:61:81:64:81:Infinity":4,"s:91:20:104:8":28,"f:91:33:91:38":7,"s:92:35:95:19":29,"b:97:4:101:Infinity:undefined:undefined:undefined:undefined":5,"s:97:4:101:Infinity":30,"s:99:6:99:Infinity":31,"s:100:6:100:Infinity":32,"s:103:4:103:Infinity":33,"f:103:13:103:14":8,"s:103:23:103:60":34,"f:103:35:103:36":9,"s:103:45:103:59":35,"s:106:1:112:Infinity":36,"f:106:12:106:13":10,"s:107:23:109:5":37,"f:107:23:107:28":11,"s:108:6:108:Infinity":38,"s:111:4:111:Infinity":39,"s:119:1:155:Infinity":40,"f:119:12:119:13":12,"s:120:20:150:18":41,"f:125:8:125:9":13,"s:126:10:147:Infinity":42,"f:126:19:126:20":14,"b:127:12:132:Infinity:undefined:undefined:undefined:undefined":6,"s:127:12:132:Infinity":43,"s:128:30:128:41":44,"s:129:29:129:72":45,"f:129:39:129:40":15,"s:129:49:129:71":46,"b:130:14:130:Infinity:undefined:undefined:undefined:undefined":7,"s:130:14:130:Infinity":47,"s:130:26:130:Infinity":48,"s:131:14:131:Infinity":49,"b:134:12:139:Infinity:undefined:undefined:undefined:undefined":8,"s:134:12:139:Infinity":50,"s:135:30:135:41":51,"s:136:14:138:Infinity":52,"f:136:30:136:31":16,"s:137:16:137:Infinity":53,"b:137:41:137:48:137:51:137:Infinity":9,"b:141:12:144:Infinity:undefined:undefined:undefined:undefined":10,"s:141:12:144:Infinity":54,"s:142:30:142:41":55,"s:143:14:143:Infinity":56,"f:143:33:143:34":17,"s:143:43:143:65":57,"s:146:12:146:Infinity":58,"s:152:4:154:Infinity":59,"f:152:11:152:12":18,"s:153:6:153:Infinity":60,"s:157:2:164:Infinity":61}}}
,"/Users/longswordtech/Desktop/codex-test-proyects/frontend-mentor-todo-app/src/hooks/useTheme.js": {"path":"/Users/longswordtech/Desktop/codex-test-proyects/frontend-mentor-todo-app/src/hooks/useTheme.js","statementMap":{"0":{"start":{"line":5,"column":13},"end":{"line":5,"column":38}},"1":{"start":{"line":6,"column":2},"end":{"line":6,"column":null}},"2":{"start":{"line":6,"column":12},"end":{"line":6,"column":null}},"3":{"start":{"line":7,"column":2},"end":{"line":7,"column":null}}},"fnMap":{"0":{"name":"useTheme","decl":{"start":{"line":4,"column":9},"end":{"line":4,"column":17}},"loc":{"start":{"line":4,"column":20},"end":{"line":8,"column":null}},"line":4}},"branchMap":{"0":{"loc":{"start":{"line":6,"column":2},"end":{"line":6,"column":null}},"type":"if","locations":[{"start":{"line":6,"column":2},"end":{"line":6,"column":null}},{"start":{},"end":{}}],"line":6}},"s":{"0":4,"1":4,"2":0,"3":4},"f":{"0":4},"b":{"0":[0,4]},"meta":{"lastBranch":1,"lastFunction":1,"lastStatement":4,"seen":{"f:4:9:4:17":0,"s:5:13:5:38":0,"b:6:2:6:Infinity:undefined:undefined:undefined:undefined":0,"s:6:2:6:Infinity":1,"s:6:12:6:Infinity":2,"s:7:2:7:Infinity":3}}}
,"/Users/longswordtech/Desktop/codex-test-proyects/frontend-mentor-todo-app/src/lib/utils.js": {"path":"/Users/longswordtech/Desktop/codex-test-proyects/frontend-mentor-todo-app/src/lib/utils.js","statementMap":{"0":{"start":{"line":5,"column":2},"end":{"line":5,"column":null}}},"fnMap":{"0":{"name":"cn","decl":{"start":{"line":4,"column":16},"end":{"line":4,"column":18}},"loc":{"start":{"line":4,"column":30},"end":{"line":6,"column":null}},"line":4}},"branchMap":{},"s":{"0":4},"f":{"0":4},"b":{},"meta":{"lastBranch":0,"lastFunction":1,"lastStatement":1,"seen":{"f:4:16:4:18":0,"s:5:2:5:Infinity":0}}}
,"/Users/longswordtech/Desktop/codex-test-proyects/frontend-mentor-todo-app/src/providers/themeProvider.jsx": {"path":"/Users/longswordtech/Desktop/codex-test-proyects/frontend-mentor-todo-app/src/providers/themeProvider.jsx","statementMap":{"0":{"start":{"line":4,"column":21},"end":{"line":7,"column":null}},"1":{"start":{"line":5,"column":17},"end":{"line":5,"column":null}},"2":{"start":{"line":6,"column":2},"end":{"line":6,"column":null}},"3":{"start":{"line":10,"column":24},"end":{"line":10,"column":null}},"4":{"start":{"line":10,"column":43},"end":{"line":10,"column":69}},"5":{"start":{"line":12,"column":2},"end":{"line":25,"column":null}},"6":{"start":{"line":13,"column":17},"end":{"line":13,"column":null}},"7":{"start":{"line":14,"column":16},"end":{"line":14,"column":null}},"8":{"start":{"line":15,"column":21},"end":{"line":15,"column":null}},"9":{"start":{"line":17,"column":4},"end":{"line":17,"column":null}},"10":{"start":{"line":18,"column":4},"end":{"line":18,"column":null}},"11":{"start":{"line":20,"column":4},"end":{"line":24,"column":null}},"12":{"start":{"line":21,"column":23},"end":{"line":21,"column":null}},"13":{"start":{"line":21,"column":30},"end":{"line":21,"column":null}},"14":{"start":{"line":22,"column":6},"end":{"line":22,"column":null}},"15":{"start":{"line":23,"column":6},"end":{"line":23,"column":null}},"16":{"start":{"line":23,"column":19},"end":{"line":23,"column":null}},"17":{"start":{"line":27,"column":8},"end":{"line":27,"column":null}},"18":{"start":{"line":27,"column":31},"end":{"line":27,"column":53}},"19":{"start":{"line":29,"column":2},"end":{"line":29,"column":null}}},"fnMap":{"0":{"name":"(anonymous_0)","decl":{"start":{"line":4,"column":21},"end":{"line":4,"column":22}},"loc":{"start":{"line":4,"column":39},"end":{"line":7,"column":null}},"line":4},"1":{"name":"ThemeProvider","decl":{"start":{"line":9,"column":9},"end":{"line":9,"column":23}},"loc":{"start":{"line":9,"column":61},"end":{"line":30,"column":null}},"line":9},"2":{"name":"(anonymous_2)","decl":{"start":{"line":10,"column":37},"end":{"line":10,"column":43}},"loc":{"start":{"line":10,"column":43},"end":{"line":10,"column":69}},"line":10},"3":{"name":"(anonymous_3)","decl":{"start":{"line":12,"column":12},"end":{"line":12,"column":18}},"loc":{"start":{"line":12,"column":18},"end":{"line":25,"column":5}},"line":12},"4":{"name":"(anonymous_4)","decl":{"start":{"line":21,"column":23},"end":{"line":21,"column":24}},"loc":{"start":{"line":21,"column":30},"end":{"line":21,"column":null}},"line":21},"5":{"name":"(anonymous_5)","decl":{"start":{"line":23,"column":13},"end":{"line":23,"column":19}},"loc":{"start":{"line":23,"column":19},"end":{"line":23,"column":null}},"line":23},"6":{"name":"(anonymous_6)","decl":{"start":{"line":27,"column":24},"end":{"line":27,"column":31}},"loc":{"start":{"line":27,"column":31},"end":{"line":27,"column":53}},"line":27}},"branchMap":{"0":{"loc":{"start":{"line":6,"column":9},"end":{"line":6,"column":null}},"type":"binary-expr","locations":[{"start":{"line":6,"column":9},"end":{"line":6,"column":19}},{"start":{"line":6,"column":19},"end":{"line":6,"column":null}}],"line":6},"1":{"loc":{"start":{"line":9,"column":35},"end":{"line":9,"column":58}},"type":"default-arg","locations":[{"start":{"line":9,"column":50},"end":{"line":9,"column":58}}],"line":9},"2":{"loc":{"start":{"line":15,"column":21},"end":{"line":15,"column":null}},"type":"cond-expr","locations":[{"start":{"line":15,"column":43},"end":{"line":15,"column":77}},{"start":{"line":15,"column":77},"end":{"line":15,"column":null}}],"line":15},"3":{"loc":{"start":{"line":15,"column":43},"end":{"line":15,"column":77}},"type":"cond-expr","locations":[{"start":{"line":15,"column":57},"end":{"line":15,"column":66}},{"start":{"line":15,"column":66},"end":{"line":15,"column":77}}],"line":15},"4":{"loc":{"start":{"line":20,"column":4},"end":{"line":24,"column":null}},"type":"if","locations":[{"start":{"line":20,"column":4},"end":{"line":24,"column":null}},{"start":{},"end":{}}],"line":20}},"s":{"0":1,"1":2,"2":2,"3":4,"4":2,"5":4,"6":4,"7":4,"8":4,"9":4,"10":4,"11":4,"12":0,"13":0,"14":0,"15":0,"16":0,"17":4,"18":4,"19":4},"f":{"0":2,"1":4,"2":2,"3":4,"4":0,"5":0,"6":4},"b":{"0":[2,2],"1":[4],"2":[0,4],"3":[0,0],"4":[0,4]},"meta":{"lastBranch":5,"lastFunction":7,"lastStatement":20,"seen":{"s:4:21:7:Infinity":0,"f:4:21:4:22":0,"s:5:17:5:Infinity":1,"s:6:2:6:Infinity":2,"b:6:9:6:19:6:19:6:Infinity":0,"f:9:9:9:23":1,"b:9:50:9:58":1,"s:10:24:10:Infinity":3,"f:10:37:10:43":2,"s:10:43:10:69":4,"s:12:2:25:Infinity":5,"f:12:12:12:18":3,"s:13:17:13:Infinity":6,"s:14:16:14:Infinity":7,"s:15:21:15:Infinity":8,"b:15:43:15:77:15:77:15:Infinity":2,"b:15:57:15:66:15:66:15:77":3,"s:17:4:17:Infinity":9,"s:18:4:18:Infinity":10,"b:20:4:24:Infinity:undefined:undefined:undefined:undefined":4,"s:20:4:24:Infinity":11,"s:21:23:21:Infinity":12,"f:21:23:21:24":4,"s:21:30:21:Infinity":13,"s:22:6:22:Infinity":14,"s:23:6:23:Infinity":15,"f:23:13:23:19":5,"s:23:19:23:Infinity":16,"s:27:8:27:Infinity":17,"f:27:24:27:31":6,"s:27:31:27:53":18,"s:29:2:29:Infinity":19}}}
,"/Users/longswordtech/Desktop/codex-test-proyects/frontend-mentor-todo-app/src/utils/arithmetics.js": {"path":"/Users/longswordtech/Desktop/codex-test-proyects/frontend-mentor-todo-app/src/utils/arithmetics.js","statementMap":{"0":{"start":{"line":3,"column":2},"end":{"line":3,"column":null}},"1":{"start":{"line":8,"column":2},"end":{"line":8,"column":null}},"2":{"start":{"line":13,"column":2},"end":{"line":13,"column":null}},"3":{"start":{"line":18,"column":2},"end":{"line":20,"column":null}},"4":{"start":{"line":19,"column":4},"end":{"line":19,"column":null}},"5":{"start":{"line":21,"column":2},"end":{"line":21,"column":null}}},"fnMap":{"0":{"name":"sum","decl":{"start":{"line":2,"column":16},"end":{"line":2,"column":19}},"loc":{"start":{"line":2,"column":26},"end":{"line":4,"column":null}},"line":2},"1":{"name":"subtract","decl":{"start":{"line":7,"column":16},"end":{"line":7,"column":24}},"loc":{"start":{"line":7,"column":31},"end":{"line":9,"column":null}},"line":7},"2":{"name":"multiply","decl":{"start":{"line":12,"column":16},"end":{"line":12,"column":24}},"loc":{"start":{"line":12,"column":31},"end":{"line":14,"column":null}},"line":12},"3":{"name":"divide","decl":{"start":{"line":17,"column":16},"end":{"line":17,"column":22}},"loc":{"start":{"line":17,"column":29},"end":{"line":22,"column":null}},"line":17}},"branchMap":{"0":{"loc":{"start":{"line":18,"column":2},"end":{"line":20,"column":null}},"type":"if","locations":[{"start":{"line":18,"column":2},"end":{"line":20,"column":null}},{"start":{},"end":{}}],"line":18}},"s":{"0":1,"1":0,"2":0,"3":0,"4":0,"5":0},"f":{"0":1,"1":0,"2":0,"3":0},"b":{"0":[0,0]},"meta":{"lastBranch":1,"lastFunction":4,"lastStatement":6,"seen":{"f:2:16:2:19":0,"s:3:2:3:Infinity":0,"f:7:16:7:24":1,"s:8:2:8:Infinity":1,"f:12:16:12:24":2,"s:13:2:13:Infinity":2,"f:17:16:17:22":3,"b:18:2:20:Infinity:undefined:undefined:undefined:undefined":0,"s:18:2:20:Infinity":3,"s:19:4:19:Infinity":4,"s:21:2:21:Infinity":5}}}
}
